This is pdfTeX, Version 3.14159265-2.6-1.40.20 (TeX Live 2019/Debian) (preloaded format=pdflatex 2020.7.23)  25 AUG 2020 16:13
entering extended mode
 restricted \write18 enabled.
 Source specials enabled.
 %&-line parsing enabled.
**intro.tex
(./intro.tex
LaTeX2e <2018-12-01>
! Undefined control sequence.
l.1 \Introduction
                 
The control sequence at the end of the top line
of your error message was never \def'ed. If you have
misspelled it (e.g., `\hobx'), type `I' and the correct
spelling (e.g., `I\hbox'). Otherwise just continue,
and I'll forget about whatever was undefined.


! Package inputenc Error: Unicode character –í (U+0412)
(inputenc)                not set up for use with LaTeX.

See the inputenc package documentation for explanation.
Type  H <return>  for immediate help.
 ...                                              
                                                  
l.3 –í
      –∞–∂–Ω–æ–π –∑–∞–¥–∞—á–µ–π –∏–∑—É—á–µ–Ω–∏—è –∞—Ç—Ç—Ä–∞–∫—Ç–æ—Ä–æ–≤ –≤–Ω...

You may provide a definition with
\DeclareUnicodeCharacter 


! Package inputenc Error: Unicode character –∞ (U+0430)
(inputenc)                not set up for use with LaTeX.

See the inputenc package documentation for explanation.
Type  H <return>  for immediate help.
 ...                                              
                                                  
l.3 –í–∞
        –∂–Ω–æ–π –∑–∞–¥–∞—á–µ–π –∏–∑—É—á–µ–Ω–∏—è –∞—Ç—Ç—Ä–∞–∫—Ç–æ—Ä–æ–≤ –≤–Ω...

You may provide a definition with
\DeclareUnicodeCharacter 


! Package inputenc Error: Unicode character –∂ (U+0436)
(inputenc)                not set up for use with LaTeX.

See the inputenc package documentation for explanation.
Type  H <return>  for immediate help.
 ...                                              
                                                  
l.3 –í–∞–∂
          –Ω–æ–π –∑–∞–¥–∞—á–µ–π –∏–∑—É—á–µ–Ω–∏—è –∞—Ç—Ç—Ä–∞–∫—Ç–æ—Ä–æ–≤ –≤–Ω...

You may provide a definition with
\DeclareUnicodeCharacter 


! Package inputenc Error: Unicode character –Ω (U+043D)
(inputenc)                not set up for use with LaTeX.

See the inputenc package documentation for explanation.
Type  H <return>  for immediate help.
 ...                                              
                                                  
l.3 –í–∞–∂–Ω
            –æ–π –∑–∞–¥–∞—á–µ–π –∏–∑—É—á–µ–Ω–∏—è –∞—Ç—Ç—Ä–∞–∫—Ç–æ—Ä–æ–≤ –≤–Ω...

You may provide a definition with
\DeclareUnicodeCharacter 


! Package inputenc Error: Unicode character –æ (U+043E)
(inputenc)                not set up for use with LaTeX.

See the inputenc package documentation for explanation.
Type  H <return>  for immediate help.
 ...                                              
                                                  
l.3 –í–∞–∂–Ω–æ
              –π –∑–∞–¥–∞—á–µ–π –∏–∑—É—á–µ–Ω–∏—è –∞—Ç—Ç—Ä–∞–∫—Ç–æ—Ä–æ–≤ –≤–Ω...

You may provide a definition with
\DeclareUnicodeCharacter 


! Package inputenc Error: Unicode character –π (U+0439)
(inputenc)                not set up for use with LaTeX.

See the inputenc package documentation for explanation.
Type  H <return>  for immediate help.
 ...                                              
                                                  
l.3 –í–∞–∂–Ω–æ–π
                 –∑–∞–¥–∞—á–µ–π –∏–∑—É—á–µ–Ω–∏—è –∞—Ç—Ç—Ä–∞–∫—Ç–æ—Ä–æ–≤ –≤–Ω...

You may provide a definition with
\DeclareUnicodeCharacter 


! Package inputenc Error: Unicode character –∑ (U+0437)
(inputenc)                not set up for use with LaTeX.

See the inputenc package documentation for explanation.
Type  H <return>  for immediate help.
 ...                                              
                                                  
l.3 –í–∞–∂–Ω–æ–π –∑
                   –∞–¥–∞—á–µ–π –∏–∑—É—á–µ–Ω–∏—è –∞—Ç—Ç—Ä–∞–∫—Ç–æ—Ä–æ–≤ –≤–Ω...

You may provide a definition with
\DeclareUnicodeCharacter 


! Package inputenc Error: Unicode character –∞ (U+0430)
(inputenc)                not set up for use with LaTeX.

See the inputenc package documentation for explanation.
Type  H <return>  for immediate help.
 ...                                              
                                                  
l.3 –í–∞–∂–Ω–æ–π –∑–∞
                     –¥–∞—á–µ–π –∏–∑—É—á–µ–Ω–∏—è –∞—Ç—Ç—Ä–∞–∫—Ç–æ—Ä–æ–≤ –≤–Ω...

You may provide a definition with
\DeclareUnicodeCharacter 


! Package inputenc Error: Unicode character –¥ (U+0434)
(inputenc)                not set up for use with LaTeX.

See the inputenc package documentation for explanation.
Type  H <return>  for immediate help.
 ...                                              
                                                  
l.3 –í–∞–∂–Ω–æ–π –∑–∞–¥
                       –∞—á–µ–π –∏–∑—É—á–µ–Ω–∏—è –∞—Ç—Ç—Ä–∞–∫—Ç–æ—Ä–æ–≤ –≤–Ω...

You may provide a definition with
\DeclareUnicodeCharacter 


! Package inputenc Error: Unicode character –∞ (U+0430)
(inputenc)                not set up for use with LaTeX.

See the inputenc package documentation for explanation.
Type  H <return>  for immediate help.
 ...                                              
                                                  
l.3 –í–∞–∂–Ω–æ–π –∑–∞–¥–∞
                         —á–µ–π –∏–∑—É—á–µ–Ω–∏—è –∞—Ç—Ç—Ä–∞–∫—Ç–æ—Ä–æ–≤ –≤–Ω...

You may provide a definition with
\DeclareUnicodeCharacter 


! Package inputenc Error: Unicode character —á (U+0447)
(inputenc)                not set up for use with LaTeX.

See the inputenc package documentation for explanation.
Type  H <return>  for immediate help.
 ...                                              
                                                  
l.3 –í–∞–∂–Ω–æ–π –∑–∞–¥–∞—á
                           –µ–π –∏–∑—É—á–µ–Ω–∏—è –∞—Ç—Ç—Ä–∞–∫—Ç–æ—Ä–æ–≤ –≤–Ω...

You may provide a definition with
\DeclareUnicodeCharacter 


! Package inputenc Error: Unicode character –µ (U+0435)
(inputenc)                not set up for use with LaTeX.

See the inputenc package documentation for explanation.
Type  H <return>  for immediate help.
 ...                                              
                                                  
l.3 –í–∞–∂–Ω–æ–π –∑–∞–¥–∞—á–µ
                             –π –∏–∑—É—á–µ–Ω–∏—è –∞—Ç—Ç—Ä–∞–∫—Ç–æ—Ä–æ–≤ –≤–Ω...

You may provide a definition with
\DeclareUnicodeCharacter 


! Package inputenc Error: Unicode character –π (U+0439)
(inputenc)                not set up for use with LaTeX.

See the inputenc package documentation for explanation.
Type  H <return>  for immediate help.
 ...                                              
                                                  
l.3 –í–∞–∂–Ω–æ–π –∑–∞–¥–∞—á–µ–π
                                –∏–∑—É—á–µ–Ω–∏—è –∞—Ç—Ç—Ä–∞–∫—Ç–æ—Ä–æ–≤ –≤–Ω...

You may provide a definition with
\DeclareUnicodeCharacter 


! Package inputenc Error: Unicode character –∏ (U+0438)
(inputenc)                not set up for use with LaTeX.

See the inputenc package documentation for explanation.
Type  H <return>  for immediate help.
 ...                                              
                                                  
l.3 –í–∞–∂–Ω–æ–π –∑–∞–¥–∞—á–µ–π –∏
                                  –∑—É—á–µ–Ω–∏—è –∞—Ç—Ç—Ä–∞–∫—Ç–æ—Ä–æ–≤ –≤–Ω...

You may provide a definition with
\DeclareUnicodeCharacter 


! Package inputenc Error: Unicode character –∑ (U+0437)
(inputenc)                not set up for use with LaTeX.

See the inputenc package documentation for explanation.
Type  H <return>  for immediate help.
 ...                                              
                                                  
l.3 –í–∞–∂–Ω–æ–π –∑–∞–¥–∞—á–µ–π –∏–∑
                                    —É—á–µ–Ω–∏—è –∞—Ç—Ç—Ä–∞–∫—Ç–æ—Ä–æ–≤ –≤–Ω...

You may provide a definition with
\DeclareUnicodeCharacter 


! Package inputenc Error: Unicode character —É (U+0443)
(inputenc)                not set up for use with LaTeX.

See the inputenc package documentation for explanation.
Type  H <return>  for immediate help.
 ...                                              
                                                  
l.3 –í–∞–∂–Ω–æ–π –∑–∞–¥–∞—á–µ–π –∏–∑—É
                                      —á–µ–Ω–∏—è –∞—Ç—Ç—Ä–∞–∫—Ç–æ—Ä–æ–≤ –≤–Ω...

You may provide a definition with
\DeclareUnicodeCharacter 


! Package inputenc Error: Unicode character —á (U+0447)
(inputenc)                not set up for use with LaTeX.

See the inputenc package documentation for explanation.
Type  H <return>  for immediate help.
 ...                                              
                                                  
l.3 –í–∞–∂–Ω–æ–π –∑–∞–¥–∞—á–µ–π –∏–∑—É—á
                                        –µ–Ω–∏—è –∞—Ç—Ç—Ä–∞–∫—Ç–æ—Ä–æ–≤ –≤–Ω...

You may provide a definition with
\DeclareUnicodeCharacter 


! Package inputenc Error: Unicode character –µ (U+0435)
(inputenc)                not set up for use with LaTeX.

See the inputenc package documentation for explanation.
Type  H <return>  for immediate help.
 ...                                              
                                                  
l.3 –í–∞–∂–Ω–æ–π –∑–∞–¥–∞—á–µ–π –∏–∑—É—á–µ
                                          –Ω–∏—è –∞—Ç—Ç—Ä–∞–∫—Ç–æ—Ä–æ–≤ –≤–Ω...

You may provide a definition with
\DeclareUnicodeCharacter 


! Package inputenc Error: Unicode character –Ω (U+043D)
(inputenc)                not set up for use with LaTeX.

See the inputenc package documentation for explanation.
Type  H <return>  for immediate help.
 ...                                              
                                                  
l.3 –í–∞–∂–Ω–æ–π –∑–∞–¥–∞—á–µ–π –∏–∑—É—á–µ–Ω
                                            –∏—è –∞—Ç—Ç—Ä–∞–∫—Ç–æ—Ä–æ–≤ –≤–Ω...

You may provide a definition with
\DeclareUnicodeCharacter 


! Package inputenc Error: Unicode character –∏ (U+0438)
(inputenc)                not set up for use with LaTeX.

See the inputenc package documentation for explanation.
Type  H <return>  for immediate help.
 ...                                              
                                                  
l.3 –í–∞–∂–Ω–æ–π –∑–∞–¥–∞—á–µ–π –∏–∑—É—á–µ–Ω–∏
                                              —è –∞—Ç—Ç—Ä–∞–∫—Ç–æ—Ä–æ–≤ –≤–Ω...

You may provide a definition with
\DeclareUnicodeCharacter 


! Package inputenc Error: Unicode character —è (U+044F)
(inputenc)                not set up for use with LaTeX.

See the inputenc package documentation for explanation.
Type  H <return>  for immediate help.
 ...                                              
                                                  
l.3 –í–∞–∂–Ω–æ–π –∑–∞–¥–∞—á–µ–π –∏–∑—É—á–µ–Ω–∏—è
                                                 –∞—Ç—Ç—Ä–∞–∫—Ç–æ—Ä–æ–≤ –≤–Ω...

You may provide a definition with
\DeclareUnicodeCharacter 


! Package inputenc Error: Unicode character –∞ (U+0430)
(inputenc)                not set up for use with LaTeX.

See the inputenc package documentation for explanation.
Type  H <return>  for immediate help.
 ...                                              
                                                  
l.3 ...–∂–Ω–æ–π –∑–∞–¥–∞—á–µ–π –∏–∑—É—á–µ–Ω–∏—è –∞
                                                  —Ç—Ç—Ä–∞–∫—Ç–æ—Ä–æ–≤ –≤–Ω—...

You may provide a definition with
\DeclareUnicodeCharacter 


! Package inputenc Error: Unicode character —Ç (U+0442)
(inputenc)                not set up for use with LaTeX.

See the inputenc package documentation for explanation.
Type  H <return>  for immediate help.
 ...                                              
                                                  
l.3 ...–Ω–æ–π –∑–∞–¥–∞—á–µ–π –∏–∑—É—á–µ–Ω–∏—è –∞—Ç
                                                  —Ç—Ä–∞–∫—Ç–æ—Ä–æ–≤ –≤–Ω—É—...

You may provide a definition with
\DeclareUnicodeCharacter 


! Package inputenc Error: Unicode character —Ç (U+0442)
(inputenc)                not set up for use with LaTeX.

See the inputenc package documentation for explanation.
Type  H <return>  for immediate help.
 ...                                              
                                                  
l.3 ...–æ–π –∑–∞–¥–∞—á–µ–π –∏–∑—É—á–µ–Ω–∏—è –∞—Ç—Ç
                                                  —Ä–∞–∫—Ç–æ—Ä–æ–≤ –≤–Ω—É—Ç—...

You may provide a definition with
\DeclareUnicodeCharacter 


! Package inputenc Error: Unicode character —Ä (U+0440)
(inputenc)                not set up for use with LaTeX.

See the inputenc package documentation for explanation.
Type  H <return>  for immediate help.
 ...                                              
                                                  
l.3 ...–π –∑–∞–¥–∞—á–µ–π –∏–∑—É—á–µ–Ω–∏—è –∞—Ç—Ç—Ä
                                                  –∞–∫—Ç–æ—Ä–æ–≤ –≤–Ω—É—Ç—Ä–...

You may provide a definition with
\DeclareUnicodeCharacter 


! Package inputenc Error: Unicode character –∞ (U+0430)
(inputenc)                not set up for use with LaTeX.

See the inputenc package documentation for explanation.
Type  H <return>  for immediate help.
 ...                                              
                                                  
l.3 ... –∑–∞–¥–∞—á–µ–π –∏–∑—É—á–µ–Ω–∏—è –∞—Ç—Ç—Ä–∞
                                                  –∫—Ç–æ—Ä–æ–≤ –≤–Ω—É—Ç—Ä–µ–...

You may provide a definition with
\DeclareUnicodeCharacter 


! Package inputenc Error: Unicode character –∫ (U+043A)
(inputenc)                not set up for use with LaTeX.

See the inputenc package documentation for explanation.
Type  H <return>  for immediate help.
 ...                                              
                                                  
l.3 ...∑–∞–¥–∞—á–µ–π –∏–∑—É—á–µ–Ω–∏—è –∞—Ç—Ç—Ä–∞–∫
                                                  —Ç–æ—Ä–æ–≤ –≤–Ω—É—Ç—Ä–µ–Ω–...

You may provide a definition with
\DeclareUnicodeCharacter 


! Package inputenc Error: Unicode character —Ç (U+0442)
(inputenc)                not set up for use with LaTeX.

See the inputenc package documentation for explanation.
Type  H <return>  for immediate help.
 ...                                              
                                                  
l.3 ...∞–¥–∞—á–µ–π –∏–∑—É—á–µ–Ω–∏—è –∞—Ç—Ç—Ä–∞–∫—Ç
                                                  –æ—Ä–æ–≤ –≤–Ω—É—Ç—Ä–µ–Ω–Ω–...

You may provide a definition with
\DeclareUnicodeCharacter 


! Package inputenc Error: Unicode character –æ (U+043E)
(inputenc)                not set up for use with LaTeX.

See the inputenc package documentation for explanation.
Type  H <return>  for immediate help.
 ...                                              
                                                  
l.3 ...¥–∞—á–µ–π –∏–∑—É—á–µ–Ω–∏—è –∞—Ç—Ç—Ä–∞–∫—Ç–æ
                                                  —Ä–æ–≤ –≤–Ω—É—Ç—Ä–µ–Ω–Ω–∏—...

You may provide a definition with
\DeclareUnicodeCharacter 


! Package inputenc Error: Unicode character —Ä (U+0440)
(inputenc)                not set up for use with LaTeX.

See the inputenc package documentation for explanation.
Type  H <return>  for immediate help.
 ...                                              
                                                  
l.3 ...∞—á–µ–π –∏–∑—É—á–µ–Ω–∏—è –∞—Ç—Ç—Ä–∞–∫—Ç–æ—Ä
                                                  –æ–≤ –≤–Ω—É—Ç—Ä–µ–Ω–Ω–∏—Ö ...

You may provide a definition with
\DeclareUnicodeCharacter 


! Package inputenc Error: Unicode character –æ (U+043E)
(inputenc)                not set up for use with LaTeX.

See the inputenc package documentation for explanation.
Type  H <return>  for immediate help.
 ...                                              
                                                  
l.3 ...á–µ–π –∏–∑—É—á–µ–Ω–∏—è –∞—Ç—Ç—Ä–∞–∫—Ç–æ—Ä–æ
                                                  –≤ –≤–Ω—É—Ç—Ä–µ–Ω–Ω–∏—Ö –≤...

You may provide a definition with
\DeclareUnicodeCharacter 


! Package inputenc Error: Unicode character –≤ (U+0432)
(inputenc)                not set up for use with LaTeX.

See the inputenc package documentation for explanation.
Type  H <return>  for immediate help.
 ...                                              
                                                  
l.3 ...µ–π –∏–∑—É—á–µ–Ω–∏—è –∞—Ç—Ç—Ä–∞–∫—Ç–æ—Ä–æ–≤
                                                   –≤–Ω—É—Ç—Ä–µ–Ω–Ω–∏—Ö –≤–æ...

You may provide a definition with
\DeclareUnicodeCharacter 


! Package inputenc Error: Unicode character –≤ (U+0432)
(inputenc)                not set up for use with LaTeX.

See the inputenc package documentation for explanation.
Type  H <return>  for immediate help.
 ...                                              
                                                  
l.3 ... –∏–∑—É—á–µ–Ω–∏—è –∞—Ç—Ç—Ä–∞–∫—Ç–æ—Ä–æ–≤ –≤
                                                  –Ω—É—Ç—Ä–µ–Ω–Ω–∏—Ö –≤–æ–ª–...

You may provide a definition with
\DeclareUnicodeCharacter 


! Package inputenc Error: Unicode character –Ω (U+043D)
(inputenc)                not set up for use with LaTeX.

See the inputenc package documentation for explanation.
Type  H <return>  for immediate help.
 ...                                              
                                                  
l.3 ...∏–∑—É—á–µ–Ω–∏—è –∞—Ç—Ç—Ä–∞–∫—Ç–æ—Ä–æ–≤ –≤–Ω
                                                  —É—Ç—Ä–µ–Ω–Ω–∏—Ö –≤–æ–ª–Ω ...

You may provide a definition with
\DeclareUnicodeCharacter 


! Package inputenc Error: Unicode character —É (U+0443)
(inputenc)                not set up for use with LaTeX.

See the inputenc package documentation for explanation.
Type  H <return>  for immediate help.
 ...                                              
                                                  
l.3 ...∑—É—á–µ–Ω–∏—è –∞—Ç—Ç—Ä–∞–∫—Ç–æ—Ä–æ–≤ –≤–Ω—É
                                                  —Ç—Ä–µ–Ω–Ω–∏—Ö –≤–æ–ª–Ω —Å...

You may provide a definition with
\DeclareUnicodeCharacter 


! Package inputenc Error: Unicode character —Ç (U+0442)
(inputenc)                not set up for use with LaTeX.

See the inputenc package documentation for explanation.
Type  H <return>  for immediate help.
 ...                                              
                                                  
l.3 ...É—á–µ–Ω–∏—è –∞—Ç—Ç—Ä–∞–∫—Ç–æ—Ä–æ–≤ –≤–Ω—É—Ç
                                                  —Ä–µ–Ω–Ω–∏—Ö –≤–æ–ª–Ω —Å –...

You may provide a definition with
\DeclareUnicodeCharacter 


! Package inputenc Error: Unicode character —Ä (U+0440)
(inputenc)                not set up for use with LaTeX.

See the inputenc package documentation for explanation.
Type  H <return>  for immediate help.
 ...                                              
                                                  
l.3 ...á–µ–Ω–∏—è –∞—Ç—Ç—Ä–∞–∫—Ç–æ—Ä–æ–≤ –≤–Ω—É—Ç—Ä
                                                  –µ–Ω–Ω–∏—Ö –≤–æ–ª–Ω —Å –ø–...

You may provide a definition with
\DeclareUnicodeCharacter 


! Package inputenc Error: Unicode character –µ (U+0435)
(inputenc)                not set up for use with LaTeX.

See the inputenc package documentation for explanation.
Type  H <return>  for immediate help.
 ...                                              
                                                  
l.3 ...µ–Ω–∏—è –∞—Ç—Ç—Ä–∞–∫—Ç–æ—Ä–æ–≤ –≤–Ω—É—Ç—Ä–µ
                                                  –Ω–Ω–∏—Ö –≤–æ–ª–Ω —Å –ø–æ–...

You may provide a definition with
\DeclareUnicodeCharacter 


! Package inputenc Error: Unicode character –Ω (U+043D)
(inputenc)                not set up for use with LaTeX.

See the inputenc package documentation for explanation.
Type  H <return>  for immediate help.
 ...                                              
                                                  
l.3 ...Ω–∏—è –∞—Ç—Ç—Ä–∞–∫—Ç–æ—Ä–æ–≤ –≤–Ω—É—Ç—Ä–µ–Ω
                                                  –Ω–∏—Ö –≤–æ–ª–Ω —Å –ø–æ–º–...

You may provide a definition with
\DeclareUnicodeCharacter 


! Package inputenc Error: Unicode character –Ω (U+043D)
(inputenc)                not set up for use with LaTeX.

See the inputenc package documentation for explanation.
Type  H <return>  for immediate help.
 ...                                              
                                                  
l.3 ...∏—è –∞—Ç—Ç—Ä–∞–∫—Ç–æ—Ä–æ–≤ –≤–Ω—É—Ç—Ä–µ–Ω–Ω
                                                  –∏—Ö –≤–æ–ª–Ω —Å –ø–æ–º–æ—...

You may provide a definition with
\DeclareUnicodeCharacter 


! Package inputenc Error: Unicode character –∏ (U+0438)
(inputenc)                not set up for use with LaTeX.

See the inputenc package documentation for explanation.
Type  H <return>  for immediate help.
 ...                                              
                                                  
l.3 ...è –∞—Ç—Ç—Ä–∞–∫—Ç–æ—Ä–æ–≤ –≤–Ω—É—Ç—Ä–µ–Ω–Ω–∏
                                                  —Ö –≤–æ–ª–Ω —Å –ø–æ–º–æ—â—...

You may provide a definition with
\DeclareUnicodeCharacter 


! Package inputenc Error: Unicode character —Ö (U+0445)
(inputenc)                not set up for use with LaTeX.

See the inputenc package documentation for explanation.
Type  H <return>  for immediate help.
 ...                                              
                                                  
l.3 ...–∞—Ç—Ç—Ä–∞–∫—Ç–æ—Ä–æ–≤ –≤–Ω—É—Ç—Ä–µ–Ω–Ω–∏—Ö
                                                   –≤–æ–ª–Ω —Å –ø–æ–º–æ—â—å—...

You may provide a definition with
\DeclareUnicodeCharacter 


! Package inputenc Error: Unicode character –≤ (U+0432)
(inputenc)                not set up for use with LaTeX.

See the inputenc package documentation for explanation.
Type  H <return>  for immediate help.
 ...                                              
                                                  
l.3 ...Ç—Ç—Ä–∞–∫—Ç–æ—Ä–æ–≤ –≤–Ω—É—Ç—Ä–µ–Ω–Ω–∏—Ö –≤
                                                  –æ–ª–Ω —Å –ø–æ–º–æ—â—å—é —...

You may provide a definition with
\DeclareUnicodeCharacter 


! Package inputenc Error: Unicode character –æ (U+043E)
(inputenc)                not set up for use with LaTeX.

See the inputenc package documentation for explanation.
Type  H <return>  for immediate help.
 ...                                              
                                                  
l.3 ...Ç—Ä–∞–∫—Ç–æ—Ä–æ–≤ –≤–Ω—É—Ç—Ä–µ–Ω–Ω–∏—Ö –≤–æ
                                                  –ª–Ω —Å –ø–æ–º–æ—â—å—é —á–...

You may provide a definition with
\DeclareUnicodeCharacter 


! Package inputenc Error: Unicode character –ª (U+043B)
(inputenc)                not set up for use with LaTeX.

See the inputenc package documentation for explanation.
Type  H <return>  for immediate help.
 ...                                              
                                                  
l.3 ...Ä–∞–∫—Ç–æ—Ä–æ–≤ –≤–Ω—É—Ç—Ä–µ–Ω–Ω–∏—Ö –≤–æ–ª
                                                  –Ω —Å –ø–æ–º–æ—â—å—é —á–∏—...

You may provide a definition with
\DeclareUnicodeCharacter 


! Package inputenc Error: Unicode character –Ω (U+043D)
(inputenc)                not set up for use with LaTeX.

See the inputenc package documentation for explanation.
Type  H <return>  for immediate help.
 ...                                              
                                                  
l.3 ...∞–∫—Ç–æ—Ä–æ–≤ –≤–Ω—É—Ç—Ä–µ–Ω–Ω–∏—Ö –≤–æ–ª–Ω
                                                   —Å –ø–æ–º–æ—â—å—é —á–∏—Å–...

You may provide a definition with
\DeclareUnicodeCharacter 


! Package inputenc Error: Unicode character —Å (U+0441)
(inputenc)                not set up for use with LaTeX.

See the inputenc package documentation for explanation.
Type  H <return>  for immediate help.
 ...                                              
                                                  
l.3 ...—Ç–æ—Ä–æ–≤ –≤–Ω—É—Ç—Ä–µ–Ω–Ω–∏—Ö –≤–æ–ª–Ω —Å
                                                   –ø–æ–º–æ—â—å—é —á–∏—Å–ª–µ...

You may provide a definition with
\DeclareUnicodeCharacter 


! Package inputenc Error: Unicode character –ø (U+043F)
(inputenc)                not set up for use with LaTeX.

See the inputenc package documentation for explanation.
Type  H <return>  for immediate help.
 ...                                              
                                                  
l.3 ...æ—Ä–æ–≤ –≤–Ω—É—Ç—Ä–µ–Ω–Ω–∏—Ö –≤–æ–ª–Ω —Å –ø
                                                  –æ–º–æ—â—å—é —á–∏—Å–ª–µ–Ω–...

You may provide a definition with
\DeclareUnicodeCharacter 


! Package inputenc Error: Unicode character –æ (U+043E)
(inputenc)                not set up for use with LaTeX.

See the inputenc package documentation for explanation.
Type  H <return>  for immediate help.
 ...                                              
                                                  
l.3 ...Ä–æ–≤ –≤–Ω—É—Ç—Ä–µ–Ω–Ω–∏—Ö –≤–æ–ª–Ω —Å –ø–æ
                                                  –º–æ—â—å—é —á–∏—Å–ª–µ–Ω–Ω—...

You may provide a definition with
\DeclareUnicodeCharacter 


! Package inputenc Error: Unicode character –º (U+043C)
(inputenc)                not set up for use with LaTeX.

See the inputenc package documentation for explanation.
Type  H <return>  for immediate help.
 ...                                              
                                                  
l.3 ...æ–≤ –≤–Ω—É—Ç—Ä–µ–Ω–Ω–∏—Ö –≤–æ–ª–Ω —Å –ø–æ–º
                                                  –æ—â—å—é —á–∏—Å–ª–µ–Ω–Ω—ã—...

You may provide a definition with
\DeclareUnicodeCharacter 


! Package inputenc Error: Unicode character –æ (U+043E)
(inputenc)                not set up for use with LaTeX.

See the inputenc package documentation for explanation.
Type  H <return>  for immediate help.
 ...                                              
                                                  
l.3 ...≤ –≤–Ω—É—Ç—Ä–µ–Ω–Ω–∏—Ö –≤–æ–ª–Ω —Å –ø–æ–º–æ
                                                  —â—å—é —á–∏—Å–ª–µ–Ω–Ω—ã—Ö ...

You may provide a definition with
\DeclareUnicodeCharacter 


! Package inputenc Error: Unicode character —â (U+0449)
(inputenc)                not set up for use with LaTeX.

See the inputenc package documentation for explanation.
Type  H <return>  for immediate help.
 ...                                              
                                                  
l.3 ...–≤–Ω—É—Ç—Ä–µ–Ω–Ω–∏—Ö –≤–æ–ª–Ω —Å –ø–æ–º–æ—â
                                                  —å—é —á–∏—Å–ª–µ–Ω–Ω—ã—Ö –º...

You may provide a definition with
\DeclareUnicodeCharacter 


! Package inputenc Error: Unicode character —å (U+044C)
(inputenc)                not set up for use with LaTeX.

See the inputenc package documentation for explanation.
Type  H <return>  for immediate help.
 ...                                              
                                                  
l.3 ...–Ω—É—Ç—Ä–µ–Ω–Ω–∏—Ö –≤–æ–ª–Ω —Å –ø–æ–º–æ—â—å
                                                  —é —á–∏—Å–ª–µ–Ω–Ω—ã—Ö –º–µ...

You may provide a definition with
\DeclareUnicodeCharacter 


! Package inputenc Error: Unicode character —é (U+044E)
(inputenc)                not set up for use with LaTeX.

See the inputenc package documentation for explanation.
Type  H <return>  for immediate help.
 ...                                              
                                                  
l.3 ...—É—Ç—Ä–µ–Ω–Ω–∏—Ö –≤–æ–ª–Ω —Å –ø–æ–º–æ—â—å—é
                                                   —á–∏—Å–ª–µ–Ω–Ω—ã—Ö –º–µ—Ç...

You may provide a definition with
\DeclareUnicodeCharacter 


! Package inputenc Error: Unicode character —á (U+0447)
(inputenc)                not set up for use with LaTeX.

See the inputenc package documentation for explanation.
Type  H <return>  for immediate help.
 ...                                              
                                                  
l.3 ...Ç—Ä–µ–Ω–Ω–∏—Ö –≤–æ–ª–Ω —Å –ø–æ–º–æ—â—å—é —á
                                                  –∏—Å–ª–µ–Ω–Ω—ã—Ö –º–µ—Ç–æ–...

You may provide a definition with
\DeclareUnicodeCharacter 


! Package inputenc Error: Unicode character –∏ (U+0438)
(inputenc)                not set up for use with LaTeX.

See the inputenc package documentation for explanation.
Type  H <return>  for immediate help.
 ...                                              
                                                  
l.3 ...Ä–µ–Ω–Ω–∏—Ö –≤–æ–ª–Ω —Å –ø–æ–º–æ—â—å—é —á–∏
                                                  —Å–ª–µ–Ω–Ω—ã—Ö –º–µ—Ç–æ–¥–æ–≤

You may provide a definition with
\DeclareUnicodeCharacter 


! Package inputenc Error: Unicode character —Å (U+0441)
(inputenc)                not set up for use with LaTeX.

See the inputenc package documentation for explanation.
Type  H <return>  for immediate help.
 ...                                              
                                                  
l.3 ...µ–Ω–Ω–∏—Ö –≤–æ–ª–Ω —Å –ø–æ–º–æ—â—å—é —á–∏—Å
                                                  –ª–µ–Ω–Ω—ã—Ö –º–µ—Ç–æ–¥–æ–≤
You may provide a definition with
\DeclareUnicodeCharacter 


! Package inputenc Error: Unicode character –ª (U+043B)
(inputenc)                not set up for use with LaTeX.

See the inputenc package documentation for explanation.
Type  H <return>  for immediate help.
 ...                                              
                                                  
l.3 ...Ω–Ω–∏—Ö –≤–æ–ª–Ω —Å –ø–æ–º–æ—â—å—é —á–∏—Å–ª
                                                  –µ–Ω–Ω—ã—Ö –º–µ—Ç–æ–¥–æ–≤
You may provide a definition with
\DeclareUnicodeCharacter 


! Package inputenc Error: Unicode character –µ (U+0435)
(inputenc)                not set up for use with LaTeX.

See the inputenc package documentation for explanation.
Type  H <return>  for immediate help.
 ...                                              
                                                  
l.3 ...Ω–∏—Ö –≤–æ–ª–Ω —Å –ø–æ–º–æ—â—å—é —á–∏—Å–ª–µ
                                                  –Ω–Ω—ã—Ö –º–µ—Ç–æ–¥–æ–≤
You may provide a definition with
\DeclareUnicodeCharacter 


! Package inputenc Error: Unicode character –Ω (U+043D)
(inputenc)                not set up for use with LaTeX.

See the inputenc package documentation for explanation.
Type  H <return>  for immediate help.
 ...                                              
                                                  
l.3 ...∏—Ö –≤–æ–ª–Ω —Å –ø–æ–º–æ—â—å—é —á–∏—Å–ª–µ–Ω
                                                  –Ω—ã—Ö –º–µ—Ç–æ–¥–æ–≤
You may provide a definition with
\DeclareUnicodeCharacter 


! Package inputenc Error: Unicode character –Ω (U+043D)
(inputenc)                not set up for use with LaTeX.

See the inputenc package documentation for explanation.
Type  H <return>  for immediate help.
 ...                                              
                                                  
l.3 ...Ö –≤–æ–ª–Ω —Å –ø–æ–º–æ—â—å—é —á–∏—Å–ª–µ–Ω–Ω
                                                  —ã—Ö –º–µ—Ç–æ–¥–æ–≤
You may provide a definition with
\DeclareUnicodeCharacter 


! Package inputenc Error: Unicode character —ã (U+044B)
(inputenc)                not set up for use with LaTeX.

See the inputenc package documentation for explanation.
Type  H <return>  for immediate help.
 ...                                              
                                                  
l.3 ...–≤–æ–ª–Ω —Å –ø–æ–º–æ—â—å—é —á–∏—Å–ª–µ–Ω–Ω—ã
                                                  —Ö –º–µ—Ç–æ–¥–æ–≤
You may provide a definition with
\DeclareUnicodeCharacter 


! Package inputenc Error: Unicode character —Ö (U+0445)
(inputenc)                not set up for use with LaTeX.

See the inputenc package documentation for explanation.
Type  H <return>  for immediate help.
 ...                                              
                                                  
l.3 ...–æ–ª–Ω —Å –ø–æ–º–æ—â—å—é —á–∏—Å–ª–µ–Ω–Ω—ã—Ö
                                                   –º–µ—Ç–æ–¥–æ–≤
You may provide a definition with
\DeclareUnicodeCharacter 


! Package inputenc Error: Unicode character –º (U+043C)
(inputenc)                not set up for use with LaTeX.

See the inputenc package documentation for explanation.
Type  H <return>  for immediate help.
 ...                                              
                                                  
l.3 ...ª–Ω —Å –ø–æ–º–æ—â—å—é —á–∏—Å–ª–µ–Ω–Ω—ã—Ö –º
                                                  –µ—Ç–æ–¥–æ–≤
You may provide a definition with
\DeclareUnicodeCharacter 


! Package inputenc Error: Unicode character –µ (U+0435)
(inputenc)                not set up for use with LaTeX.

See the inputenc package documentation for explanation.
Type  H <return>  for immediate help.
 ...                                              
                                                  
l.3 ...Ω —Å –ø–æ–º–æ—â—å—é —á–∏—Å–ª–µ–Ω–Ω—ã—Ö –º–µ
                                                  —Ç–æ–¥–æ–≤
You may provide a definition with
\DeclareUnicodeCharacter 


! Package inputenc Error: Unicode character —Ç (U+0442)
(inputenc)                not set up for use with LaTeX.

See the inputenc package documentation for explanation.
Type  H <return>  for immediate help.
 ...                                              
                                                  
l.3 ...—Å –ø–æ–º–æ—â—å—é —á–∏—Å–ª–µ–Ω–Ω—ã—Ö –º–µ—Ç
                                                  –æ–¥–æ–≤
You may provide a definition with
\DeclareUnicodeCharacter 


! Package inputenc Error: Unicode character –æ (U+043E)
(inputenc)                not set up for use with LaTeX.

See the inputenc package documentation for explanation.
Type  H <return>  for immediate help.
 ...                                              
                                                  
l.3 ... –ø–æ–º–æ—â—å—é —á–∏—Å–ª–µ–Ω–Ω—ã—Ö –º–µ—Ç–æ
                                                  –¥–æ–≤
You may provide a definition with
\DeclareUnicodeCharacter 


! Package inputenc Error: Unicode character –¥ (U+0434)
(inputenc)                not set up for use with LaTeX.

See the inputenc package documentation for explanation.
Type  H <return>  for immediate help.
 ...                                              
                                                  
l.3 ...ø–æ–º–æ—â—å—é —á–∏—Å–ª–µ–Ω–Ω—ã—Ö –º–µ—Ç–æ–¥
                                                  –æ–≤
You may provide a definition with
\DeclareUnicodeCharacter 


! Package inputenc Error: Unicode character –æ (U+043E)
(inputenc)                not set up for use with LaTeX.

See the inputenc package documentation for explanation.
Type  H <return>  for immediate help.
 ...                                              
                                                  
l.3 ...æ–º–æ—â—å—é —á–∏—Å–ª–µ–Ω–Ω—ã—Ö –º–µ—Ç–æ–¥–æ
                                                  –≤
You may provide a definition with
\DeclareUnicodeCharacter 


! Package inputenc Error: Unicode character –≤ (U+0432)
(inputenc)                not set up for use with LaTeX.

See the inputenc package documentation for explanation.
Type  H <return>  for immediate help.
 ...                                              
                                                  
l.3 ...º–æ—â—å—é —á–∏—Å–ª–µ–Ω–Ω—ã—Ö –º–µ—Ç–æ–¥–æ–≤
                                                  
You may provide a definition with
\DeclareUnicodeCharacter 


! Package inputenc Error: Unicode character —è (U+044F)
(inputenc)                not set up for use with LaTeX.

See the inputenc package documentation for explanation.
Type  H <return>  for immediate help.
 ...                                              
                                                  
l.5 —è
      –≤–ª—è–µ—Ç—Å—è –æ–±–µ—Å–ø–µ—á–µ–Ω–∏–µ –≤–æ–∑–º–æ–∂–Ω–æ—Å—Ç–∏ –ø—Ä–æ–≤–...

You may provide a definition with
\DeclareUnicodeCharacter 


! Package inputenc Error: Unicode character –≤ (U+0432)
(inputenc)                not set up for use with LaTeX.

See the inputenc package documentation for explanation.
Type  H <return>  for immediate help.
 ...                                              
                                                  
l.5 —è–≤
        –ª—è–µ—Ç—Å—è –æ–±–µ—Å–ø–µ—á–µ–Ω–∏–µ –≤–æ–∑–º–æ–∂–Ω–æ—Å—Ç–∏ –ø—Ä–æ–≤–...

You may provide a definition with
\DeclareUnicodeCharacter 


! Package inputenc Error: Unicode character –ª (U+043B)
(inputenc)                not set up for use with LaTeX.

See the inputenc package documentation for explanation.
Type  H <return>  for immediate help.
 ...                                              
                                                  
l.5 —è–≤–ª
          —è–µ—Ç—Å—è –æ–±–µ—Å–ø–µ—á–µ–Ω–∏–µ –≤–æ–∑–º–æ–∂–Ω–æ—Å—Ç–∏ –ø—Ä–æ–≤–...

You may provide a definition with
\DeclareUnicodeCharacter 


! Package inputenc Error: Unicode character —è (U+044F)
(inputenc)                not set up for use with LaTeX.

See the inputenc package documentation for explanation.
Type  H <return>  for immediate help.
 ...                                              
                                                  
l.5 —è–≤–ª—è
            –µ—Ç—Å—è –æ–±–µ—Å–ø–µ—á–µ–Ω–∏–µ –≤–æ–∑–º–æ–∂–Ω–æ—Å—Ç–∏ –ø—Ä–æ–≤–...

You may provide a definition with
\DeclareUnicodeCharacter 


! Package inputenc Error: Unicode character –µ (U+0435)
(inputenc)                not set up for use with LaTeX.

See the inputenc package documentation for explanation.
Type  H <return>  for immediate help.
 ...                                              
                                                  
l.5 —è–≤–ª—è–µ
              —Ç—Å—è –æ–±–µ—Å–ø–µ—á–µ–Ω–∏–µ –≤–æ–∑–º–æ–∂–Ω–æ—Å—Ç–∏ –ø—Ä–æ–≤–...

You may provide a definition with
\DeclareUnicodeCharacter 


! Package inputenc Error: Unicode character —Ç (U+0442)
(inputenc)                not set up for use with LaTeX.

See the inputenc package documentation for explanation.
Type  H <return>  for immediate help.
 ...                                              
                                                  
l.5 —è–≤–ª—è–µ—Ç
                —Å—è –æ–±–µ—Å–ø–µ—á–µ–Ω–∏–µ –≤–æ–∑–º–æ–∂–Ω–æ—Å—Ç–∏ –ø—Ä–æ–≤–...

You may provide a definition with
\DeclareUnicodeCharacter 


! Package inputenc Error: Unicode character —Å (U+0441)
(inputenc)                not set up for use with LaTeX.

See the inputenc package documentation for explanation.
Type  H <return>  for immediate help.
 ...                                              
                                                  
l.5 —è–≤–ª—è–µ—Ç—Å
                  —è –æ–±–µ—Å–ø–µ—á–µ–Ω–∏–µ –≤–æ–∑–º–æ–∂–Ω–æ—Å—Ç–∏ –ø—Ä–æ–≤–...

You may provide a definition with
\DeclareUnicodeCharacter 


! Package inputenc Error: Unicode character —è (U+044F)
(inputenc)                not set up for use with LaTeX.

See the inputenc package documentation for explanation.
Type  H <return>  for immediate help.
 ...                                              
                                                  
l.5 —è–≤–ª—è–µ—Ç—Å—è
                     –æ–±–µ—Å–ø–µ—á–µ–Ω–∏–µ –≤–æ–∑–º–æ–∂–Ω–æ—Å—Ç–∏ –ø—Ä–æ–≤–...

You may provide a definition with
\DeclareUnicodeCharacter 


! Package inputenc Error: Unicode character –æ (U+043E)
(inputenc)                not set up for use with LaTeX.

See the inputenc package documentation for explanation.
Type  H <return>  for immediate help.
 ...                                              
                                                  
l.5 —è–≤–ª—è–µ—Ç—Å—è –æ
                       –±–µ—Å–ø–µ—á–µ–Ω–∏–µ –≤–æ–∑–º–æ–∂–Ω–æ—Å—Ç–∏ –ø—Ä–æ–≤–...

You may provide a definition with
\DeclareUnicodeCharacter 


! Package inputenc Error: Unicode character –± (U+0431)
(inputenc)                not set up for use with LaTeX.

See the inputenc package documentation for explanation.
Type  H <return>  for immediate help.
 ...                                              
                                                  
l.5 —è–≤–ª—è–µ—Ç—Å—è –æ–±
                         –µ—Å–ø–µ—á–µ–Ω–∏–µ –≤–æ–∑–º–æ–∂–Ω–æ—Å—Ç–∏ –ø—Ä–æ–≤–...

You may provide a definition with
\DeclareUnicodeCharacter 


! Package inputenc Error: Unicode character –µ (U+0435)
(inputenc)                not set up for use with LaTeX.

See the inputenc package documentation for explanation.
Type  H <return>  for immediate help.
 ...                                              
                                                  
l.5 —è–≤–ª—è–µ—Ç—Å—è –æ–±–µ
                           —Å–ø–µ—á–µ–Ω–∏–µ –≤–æ–∑–º–æ–∂–Ω–æ—Å—Ç–∏ –ø—Ä–æ–≤–...

You may provide a definition with
\DeclareUnicodeCharacter 


! Package inputenc Error: Unicode character —Å (U+0441)
(inputenc)                not set up for use with LaTeX.

See the inputenc package documentation for explanation.
Type  H <return>  for immediate help.
 ...                                              
                                                  
l.5 —è–≤–ª—è–µ—Ç—Å—è –æ–±–µ—Å
                             –ø–µ—á–µ–Ω–∏–µ –≤–æ–∑–º–æ–∂–Ω–æ—Å—Ç–∏ –ø—Ä–æ–≤–...

You may provide a definition with
\DeclareUnicodeCharacter 


! Package inputenc Error: Unicode character –ø (U+043F)
(inputenc)                not set up for use with LaTeX.

See the inputenc package documentation for explanation.
Type  H <return>  for immediate help.
 ...                                              
                                                  
l.5 —è–≤–ª—è–µ—Ç—Å—è –æ–±–µ—Å–ø
                               –µ—á–µ–Ω–∏–µ –≤–æ–∑–º–æ–∂–Ω–æ—Å—Ç–∏ –ø—Ä–æ–≤–...

You may provide a definition with
\DeclareUnicodeCharacter 


! Package inputenc Error: Unicode character –µ (U+0435)
(inputenc)                not set up for use with LaTeX.

See the inputenc package documentation for explanation.
Type  H <return>  for immediate help.
 ...                                              
                                                  
l.5 —è–≤–ª—è–µ—Ç—Å—è –æ–±–µ—Å–ø–µ
                                 —á–µ–Ω–∏–µ –≤–æ–∑–º–æ–∂–Ω–æ—Å—Ç–∏ –ø—Ä–æ–≤–...

You may provide a definition with
\DeclareUnicodeCharacter 


! Package inputenc Error: Unicode character —á (U+0447)
(inputenc)                not set up for use with LaTeX.

See the inputenc package documentation for explanation.
Type  H <return>  for immediate help.
 ...                                              
                                                  
l.5 —è–≤–ª—è–µ—Ç—Å—è –æ–±–µ—Å–ø–µ—á
                                   –µ–Ω–∏–µ –≤–æ–∑–º–æ–∂–Ω–æ—Å—Ç–∏ –ø—Ä–æ–≤–...

You may provide a definition with
\DeclareUnicodeCharacter 


! Package inputenc Error: Unicode character –µ (U+0435)
(inputenc)                not set up for use with LaTeX.

See the inputenc package documentation for explanation.
Type  H <return>  for immediate help.
 ...                                              
                                                  
l.5 —è–≤–ª—è–µ—Ç—Å—è –æ–±–µ—Å–ø–µ—á–µ
                                     –Ω–∏–µ –≤–æ–∑–º–æ–∂–Ω–æ—Å—Ç–∏ –ø—Ä–æ–≤–...

You may provide a definition with
\DeclareUnicodeCharacter 


! Package inputenc Error: Unicode character –Ω (U+043D)
(inputenc)                not set up for use with LaTeX.

See the inputenc package documentation for explanation.
Type  H <return>  for immediate help.
 ...                                              
                                                  
l.5 —è–≤–ª—è–µ—Ç—Å—è –æ–±–µ—Å–ø–µ—á–µ–Ω
                                       –∏–µ –≤–æ–∑–º–æ–∂–Ω–æ—Å—Ç–∏ –ø—Ä–æ–≤–...

You may provide a definition with
\DeclareUnicodeCharacter 


! Package inputenc Error: Unicode character –∏ (U+0438)
(inputenc)                not set up for use with LaTeX.

See the inputenc package documentation for explanation.
Type  H <return>  for immediate help.
 ...                                              
                                                  
l.5 —è–≤–ª—è–µ—Ç—Å—è –æ–±–µ—Å–ø–µ—á–µ–Ω–∏
                                         –µ –≤–æ–∑–º–æ–∂–Ω–æ—Å—Ç–∏ –ø—Ä–æ–≤–...

You may provide a definition with
\DeclareUnicodeCharacter 


! Package inputenc Error: Unicode character –µ (U+0435)
(inputenc)                not set up for use with LaTeX.

See the inputenc package documentation for explanation.
Type  H <return>  for immediate help.
 ...                                              
                                                  
l.5 —è–≤–ª—è–µ—Ç—Å—è –æ–±–µ—Å–ø–µ—á–µ–Ω–∏–µ
                                            –≤–æ–∑–º–æ–∂–Ω–æ—Å—Ç–∏ –ø—Ä–æ–≤–...

You may provide a definition with
\DeclareUnicodeCharacter 


! Package inputenc Error: Unicode character –≤ (U+0432)
(inputenc)                not set up for use with LaTeX.

See the inputenc package documentation for explanation.
Type  H <return>  for immediate help.
 ...                                              
                                                  
l.5 —è–≤–ª—è–µ—Ç—Å—è –æ–±–µ—Å–ø–µ—á–µ–Ω–∏–µ –≤
                                              –æ–∑–º–æ–∂–Ω–æ—Å—Ç–∏ –ø—Ä–æ–≤–...

You may provide a definition with
\DeclareUnicodeCharacter 


! Package inputenc Error: Unicode character –æ (U+043E)
(inputenc)                not set up for use with LaTeX.

See the inputenc package documentation for explanation.
Type  H <return>  for immediate help.
 ...                                              
                                                  
l.5 —è–≤–ª—è–µ—Ç—Å—è –æ–±–µ—Å–ø–µ—á–µ–Ω–∏–µ –≤–æ
                                                –∑–º–æ–∂–Ω–æ—Å—Ç–∏ –ø—Ä–æ–≤–...

You may provide a definition with
\DeclareUnicodeCharacter 


! Package inputenc Error: Unicode character –∑ (U+0437)
(inputenc)                not set up for use with LaTeX.

See the inputenc package documentation for explanation.
Type  H <return>  for immediate help.
 ...                                              
                                                  
l.5 —è–≤–ª—è–µ—Ç—Å—è –æ–±–µ—Å–ø–µ—á–µ–Ω–∏–µ –≤–æ–∑
                                                  –º–æ–∂–Ω–æ—Å—Ç–∏ –ø—Ä–æ–≤–...

You may provide a definition with
\DeclareUnicodeCharacter 


! Package inputenc Error: Unicode character –º (U+043C)
(inputenc)                not set up for use with LaTeX.

See the inputenc package documentation for explanation.
Type  H <return>  for immediate help.
 ...                                              
                                                  
l.5 ...ª—è–µ—Ç—Å—è –æ–±–µ—Å–ø–µ—á–µ–Ω–∏–µ –≤–æ–∑–º
                                                  –æ–∂–Ω–æ—Å—Ç–∏ –ø—Ä–æ–≤–æ–...

You may provide a definition with
\DeclareUnicodeCharacter 


! Package inputenc Error: Unicode character –æ (U+043E)
(inputenc)                not set up for use with LaTeX.

See the inputenc package documentation for explanation.
Type  H <return>  for immediate help.
 ...                                              
                                                  
l.5 ...è–µ—Ç—Å—è –æ–±–µ—Å–ø–µ—á–µ–Ω–∏–µ –≤–æ–∑–º–æ
                                                  –∂–Ω–æ—Å—Ç–∏ –ø—Ä–æ–≤–æ–¥–...

You may provide a definition with
\DeclareUnicodeCharacter 


! Package inputenc Error: Unicode character –∂ (U+0436)
(inputenc)                not set up for use with LaTeX.

See the inputenc package documentation for explanation.
Type  H <return>  for immediate help.
 ...                                              
                                                  
l.5 ...µ—Ç—Å—è –æ–±–µ—Å–ø–µ—á–µ–Ω–∏–µ –≤–æ–∑–º–æ–∂
                                                  –Ω–æ—Å—Ç–∏ –ø—Ä–æ–≤–æ–¥–∏—...

You may provide a definition with
\DeclareUnicodeCharacter 


! Package inputenc Error: Unicode character –Ω (U+043D)
(inputenc)                not set up for use with LaTeX.

See the inputenc package documentation for explanation.
Type  H <return>  for immediate help.
 ...                                              
                                                  
l.5 ...Ç—Å—è –æ–±–µ—Å–ø–µ—á–µ–Ω–∏–µ –≤–æ–∑–º–æ–∂–Ω
                                                  –æ—Å—Ç–∏ –ø—Ä–æ–≤–æ–¥–∏—Ç—...

You may provide a definition with
\DeclareUnicodeCharacter 


! Package inputenc Error: Unicode character –æ (U+043E)
(inputenc)                not set up for use with LaTeX.

See the inputenc package documentation for explanation.
Type  H <return>  for immediate help.
 ...                                              
                                                  
l.5 ...Å—è –æ–±–µ—Å–ø–µ—á–µ–Ω–∏–µ –≤–æ–∑–º–æ–∂–Ω–æ
                                                  —Å—Ç–∏ –ø—Ä–æ–≤–æ–¥–∏—Ç—å ...

You may provide a definition with
\DeclareUnicodeCharacter 


! Package inputenc Error: Unicode character —Å (U+0441)
(inputenc)                not set up for use with LaTeX.

See the inputenc package documentation for explanation.
Type  H <return>  for immediate help.
 ...                                              
                                                  
l.5 ...è –æ–±–µ—Å–ø–µ—á–µ–Ω–∏–µ –≤–æ–∑–º–æ–∂–Ω–æ—Å
                                                  —Ç–∏ –ø—Ä–æ–≤–æ–¥–∏—Ç—å —á...

You may provide a definition with
\DeclareUnicodeCharacter 


! Package inputenc Error: Unicode character —Ç (U+0442)
(inputenc)                not set up for use with LaTeX.

See the inputenc package documentation for explanation.
Type  H <return>  for immediate help.
 ...                                              
                                                  
l.5 ...–æ–±–µ—Å–ø–µ—á–µ–Ω–∏–µ –≤–æ–∑–º–æ–∂–Ω–æ—Å—Ç
                                                  –∏ –ø—Ä–æ–≤–æ–¥–∏—Ç—å —á–∏...
(That makes 100 errors; please try again.) 
Here is how much of TeX's memory you used:
 33 strings out of 493954
 465 string characters out of 6167341
 53942 words of memory out of 5000000
 3822 multiletter control sequences out of 15000+600000
 3640 words of font info for 14 fonts, out of 8000000 for 9000
 475 hyphenation exceptions out of 8191
 10i,0n,10p,1832b,14s stack positions out of 5000i,500n,10000p,200000b,80000s

!  ==> Fatal error occurred, no output PDF file produced!
